<?xml version="1.0" encoding="UTF-8"?>
<testng-results total="1" passed="1" failed="0" skipped="0">
  <reporter-output>
  </reporter-output>
  <suite started-at="2022-08-11T02:42:43Z" name="testsuite" finished-at="2022-08-11T02:42:56Z" duration-ms="12191">
    <groups>
    </groups>
    <test started-at="2022-08-11T02:42:43Z" name="test1" finished-at="2022-08-11T02:42:56Z" duration-ms="12191">
      <class name="com.google.automation.pom.tests.SearchTest">
        <test-method is-config="true" signature="startWebdriverSession()[pri:0, instance:com.google.automation.pom.tests.SearchTest@670002]" started-at="2022-08-10T21:42:44Z" name="startWebdriverSession" finished-at="2022-08-10T21:42:52Z" duration-ms="8988" status="PASS">
          <reporter-output>
          </reporter-output>
        </test-method> <!-- startWebdriverSession -->
        <test-method signature="googleSearchTest()[pri:0, instance:com.google.automation.pom.tests.SearchTest@670002]" started-at="2022-08-10T21:42:52Z" name="googleSearchTest" description="Googele Search test" finished-at="2022-08-10T21:42:55Z" duration-ms="3008" status="PASS">
          <reporter-output>
          </reporter-output>
        </test-method> <!-- googleSearchTest -->
        <test-method is-config="true" signature="stopWebdriverSession()[pri:0, instance:com.google.automation.pom.tests.SearchTest@670002]" started-at="2022-08-10T21:42:55Z" name="stopWebdriverSession" finished-at="2022-08-10T21:42:56Z" duration-ms="181" status="PASS">
          <reporter-output>
          </reporter-output>
        </test-method> <!-- stopWebdriverSession -->
      </class> <!-- com.google.automation.pom.tests.SearchTest -->
    </test> <!-- test1 -->
  </suite> <!-- testsuite -->
</testng-results>
